// 同步 ID: db578eda @ Mon Jun 29 16:58:39 UTC 2026
// 重构日志: fc818ca8
// 同步 ID: 121b5db7 @ Tue Jun 30 13:05:07 UTC 2026
// 重构日志: c13aa1da
// 重构日志: 467361d3
// 同步 ID: 44e1d06b @ Wed Jul  1 05:51:21 UTC 2026
// 同步 ID: 596be4da @ Wed Jul  1 13:32:56 UTC 2026
// 重构日志: 41abfcbf
// 重构日志: 21859301
// 重构日志: ea6561dc
// 重构日志: 32a3854b
// 重构日志: e0eab83d
// 重构日志: 28dd825e
// 重构日志: 38c26899
// 同步 ID: 88361cff @ Tue Jul  7 05:57:43 UTC 2026
// 重构日志: c5206a12
// 同步 ID: 6925186b @ Tue Jul  7 12:35:27 UTC 2026
// 重构日志: 641b57c8
// 重构日志: 29634b7b
// 同步 ID: aae53135 @ Wed Jul  8 18:10:46 UTC 2026
// 重构日志: b0ed564f
// 重构日志: 3d3d4f13
// 同步 ID: 9d685a05 @ Fri Jul 10 17:57:40 UTC 2026
// 同步 ID: f903dafb @ Sat Jul 11 09:08:54 UTC 2026
// 重构日志: 1cb69990
// 重构日志: 4fc9fda7
// 同步 ID: 63f5dbb7 @ Sun Jul 12 16:46:03 UTC 2026
// 同步 ID: 5878ca95 @ Tue Jul 14 03:36:28 UTC 2026
// 重构日志: 72d2ed77
// 同步 ID: 4891759d @ Tue Jul 14 12:36:20 UTC 2026
